[33mNextflow 25.04.8 is available - Please consider updating your version to it[m

 N E X T F L O W   ~  version 25.04.7

Launching `./main.nf` [serene_noyce] DSL2 - revision: 37ead5a7e9

Input/output options
  input                     : test_data/samplesheet.csv
  outdir                    : results_test_paired_end
  rna_barcode_config        : /home/marcus/pipelines/methyltna/assets/runner_settings_readStart_EM_e0.0.yaml

Reference genome options
  reference_cache_dir       : /home/marcus/pipelines/methyltna/references

Institutional config options
  config_profile_name       : Test profile
  config_profile_description: Minimal test dataset to check pipeline function

Generic options
  trace_report_suffix       : 2025-10-09_23-46-48

Core Nextflow options
  runName                   : serene_noyce
  containerEngine           : singularity
  launchDir                 : /home/marcus/pipelines/methyltna
  workDir                   : /home/marcus/pipelines/methyltna/work
  projectDir                : /home/marcus/pipelines/methyltna
  userName                  : marcus
  profile                   : test,singularity
  configFiles               : /home/marcus/pipelines/methyltna/nextflow.config

!! Only displaying parameters that differ from the pipeline defaults !!
------------------------------------------------------
[-        ] MOT…YLTNA:READ_TRIMMING:FASTQC -

[-        ] MOT…YLTNA:READ_TRIMMING:FASTQC -
[-        ] MOT…A:READ_TRIMMING:TRIMGALORE -
[-        ] MOT…_TRIMMING:FASTQC_POST_TRIM -
[-        ] MOT…UTION:RNABARCODEEXTRACTION -
[-        ] MOT…VOLUTION:RNA_STATS_SUMMARY -
[-        ] MOT…YLTNA:METHYLTNA:STAR_ALIGN -
[-        ] MOT…NA:METHYLTNA:SAMTOOLS_VIEW -
[-        ] MOT…NA:METHYLTNA:SAMTOOLS_SORT -
[-        ] MOT…LTNA:SUBREAD_FEATURECOUNTS -
[-        ] MOT…:LOFREQ_RNA:SAMTOOLS_INDEX -
[-        ] MOT…FREQ_RNA:SAMTOOLS_IDXSTATS -
[-        ] MOT…FREQ_RNA:SAMTOOLS_FLAGSTAT -
[-        ] MOT…EQ_RNA:LOFREQ_CALLPARALLEL -

[-        ] MOT…YLTNA:READ_TRIMMING:FASTQC -
[-        ] MOT…A:READ_TRIMMING:TRIMGALORE -
[-        ] MOT…_TRIMMING:FASTQC_POST_TRIM -
[-        ] MOT…UTION:RNABARCODEEXTRACTION -
[-        ] MOT…VOLUTION:RNA_STATS_SUMMARY -
[-        ] MOT…YLTNA:METHYLTNA:STAR_ALIGN -
[-        ] MOT…NA:METHYLTNA:SAMTOOLS_VIEW -
[-        ] MOT…NA:METHYLTNA:SAMTOOLS_SORT -
[-        ] MOT…LTNA:SUBREAD_FEATURECOUNTS -
[-        ] MOT…:LOFREQ_RNA:SAMTOOLS_INDEX -
[-        ] MOT…FREQ_RNA:SAMTOOLS_IDXSTATS -
[-        ] MOT…FREQ_RNA:SAMTOOLS_FLAGSTAT -
[-        ] MOT…EQ_RNA:LOFREQ_CALLPARALLEL -
[-        ] MOT…A:METHYLTNA:LOFREQ_SUMMARY -
[-        ] MOT…NA:METHYLTNA:BISCUIT_ALIGN -
[-        ] MOT…LTNA:PICARD_MARKDUPLICATES -
[-        ] MOT…ETHYLTNA:SAMTOOLS_FLAGSTAT -
[-        ] MOT…ETHYLTNA:SAMTOOLS_IDXSTATS -
[-        ] MOT…A:METHYLTNA:BISCUIT_PILEUP -
[-        ] MOT…YLTNA:METHYLTNA:BISCUIT_QC -
Plus 2 more processes waiting for tasks…

executor >  local (6)
[7a/2ddbcf] MOT…MMING:FASTQC (Ca3-DNA_09B) | 0 of 3
[20/bec4a8] MOT…MGALORE (Ca3-RNA-NNSR_09Z) | 0 of 3
[-        ] MOT…_TRIMMING:FASTQC_POST_TRIM -
[-        ] MOT…UTION:RNABARCODEEXTRACTION -
[-        ] MOT…VOLUTION:RNA_STATS_SUMMARY -
[-        ] MOT…YLTNA:METHYLTNA:STAR_ALIGN -
[-        ] MOT…NA:METHYLTNA:SAMTOOLS_VIEW -
[-        ] MOT…NA:METHYLTNA:SAMTOOLS_SORT -
[-        ] MOT…LTNA:SUBREAD_FEATURECOUNTS -
[-        ] MOT…:LOFREQ_RNA:SAMTOOLS_INDEX -
[-        ] MOT…FREQ_RNA:SAMTOOLS_IDXSTATS -
[-        ] MOT…FREQ_RNA:SAMTOOLS_FLAGSTAT -
[-        ] MOT…EQ_RNA:LOFREQ_CALLPARALLEL -
[-        ] MOT…A:METHYLTNA:LOFREQ_SUMMARY -
[-        ] MOT…NA:METHYLTNA:BISCUIT_ALIGN -
[-        ] MOT…LTNA:PICARD_MARKDUPLICATES -
[-        ] MOT…ETHYLTNA:SAMTOOLS_FLAGSTAT -
[-        ] MOT…ETHYLTNA:SAMTOOLS_IDXSTATS -
[-        ] MOT…A:METHYLTNA:BISCUIT_PILEUP -
[-        ] MOT…YLTNA:METHYLTNA:BISCUIT_QC -
Plus 2 more processes waiting for tasks…

executor >  local (6)
[54/57fc5b] MOT…:FASTQC (Ca3-TNA-NNSR_09N) | 3 of 3 ✔
[20/bec4a8] MOT…MGALORE (Ca3-RNA-NNSR_09Z) | 0 of 3
[-        ] MOT…_TRIMMING:FASTQC_POST_TRIM -
[-        ] MOT…UTION:RNABARCODEEXTRACTION -
[-        ] MOT…VOLUTION:RNA_STATS_SUMMARY -
[-        ] MOT…YLTNA:METHYLTNA:STAR_ALIGN -
[-        ] MOT…NA:METHYLTNA:SAMTOOLS_VIEW -
[-        ] MOT…NA:METHYLTNA:SAMTOOLS_SORT -
[-        ] MOT…LTNA:SUBREAD_FEATURECOUNTS -
[-        ] MOT…:LOFREQ_RNA:SAMTOOLS_INDEX -
[-        ] MOT…FREQ_RNA:SAMTOOLS_IDXSTATS -
[-        ] MOT…FREQ_RNA:SAMTOOLS_FLAGSTAT -
[-        ] MOT…EQ_RNA:LOFREQ_CALLPARALLEL -
[-        ] MOT…A:METHYLTNA:LOFREQ_SUMMARY -
[-        ] MOT…NA:METHYLTNA:BISCUIT_ALIGN -
[-        ] MOT…LTNA:PICARD_MARKDUPLICATES -
[-        ] MOT…ETHYLTNA:SAMTOOLS_FLAGSTAT -
[-        ] MOT…ETHYLTNA:SAMTOOLS_IDXSTATS -
[-        ] MOT…A:METHYLTNA:BISCUIT_PILEUP -
[-        ] MOT…YLTNA:METHYLTNA:BISCUIT_QC -
Plus 2 more processes waiting for tasks…

executor >  local (12)
[54/57fc5b] MOT…:FASTQC (Ca3-TNA-NNSR_09N) | 3 of 3 ✔
[7b/1973fe] MOT…MGALORE (Ca3-TNA-NNSR_09N) | 3 of 3 ✔
[95/86c81d] MOT…(Ca3-TNA-NNSR_09N_trimmed) | 0 of 3
[69/e6a106] MOT…RACTION (Ca3-TNA-NNSR_09N) | 0 of 3
[-        ] MOT…VOLUTION:RNA_STATS_SUMMARY -
[-        ] MOT…YLTNA:METHYLTNA:STAR_ALIGN -
[-        ] MOT…NA:METHYLTNA:SAMTOOLS_VIEW -
[-        ] MOT…NA:METHYLTNA:SAMTOOLS_SORT -
[-        ] MOT…LTNA:SUBREAD_FEATURECOUNTS -
[-        ] MOT…:LOFREQ_RNA:SAMTOOLS_INDEX -
[-        ] MOT…FREQ_RNA:SAMTOOLS_IDXSTATS -
[-        ] MOT…FREQ_RNA:SAMTOOLS_FLAGSTAT -
[-        ] MOT…EQ_RNA:LOFREQ_CALLPARALLEL -
[-        ] MOT…A:METHYLTNA:LOFREQ_SUMMARY -
[-        ] MOT…NA:METHYLTNA:BISCUIT_ALIGN -
[-        ] MOT…LTNA:PICARD_MARKDUPLICATES -
[-        ] MOT…ETHYLTNA:SAMTOOLS_FLAGSTAT -
[-        ] MOT…ETHYLTNA:SAMTOOLS_IDXSTATS -
[-        ] MOT…A:METHYLTNA:BISCUIT_PILEUP -
[-        ] MOT…YLTNA:METHYLTNA:BISCUIT_QC -
Plus 2 more processes waiting for tasks…

executor >  local (13)
[54/57fc5b] MOT…:FASTQC (Ca3-TNA-NNSR_09N) | 3 of 3 ✔
[7b/1973fe] MOT…MGALORE (Ca3-TNA-NNSR_09N) | 3 of 3 ✔
[95/86c81d] MOT…(Ca3-TNA-NNSR_09N_trimmed) | 0 of 3
[e9/ba4495] MOT…RACTION (Ca3-RNA-NNSR_09Z) | 1 of 3
[-        ] MOT…VOLUTION:RNA_STATS_SUMMARY -
[-        ] MOT…YLTNA:METHYLTNA:STAR_ALIGN | 0 of 1
[-        ] MOT…NA:METHYLTNA:SAMTOOLS_VIEW -
[-        ] MOT…NA:METHYLTNA:SAMTOOLS_SORT -
[-        ] MOT…LTNA:SUBREAD_FEATURECOUNTS -
[-        ] MOT…:LOFREQ_RNA:SAMTOOLS_INDEX -
[-        ] MOT…FREQ_RNA:SAMTOOLS_IDXSTATS -
[-        ] MOT…FREQ_RNA:SAMTOOLS_FLAGSTAT -
[-        ] MOT…EQ_RNA:LOFREQ_CALLPARALLEL -
[-        ] MOT…A:METHYLTNA:LOFREQ_SUMMARY -
[be/c9f20c] MOT…3-RNA-NNSR_09Z_unbarcoded) | 0 of 1
[-        ] MOT…LTNA:PICARD_MARKDUPLICATES -
[-        ] MOT…ETHYLTNA:SAMTOOLS_FLAGSTAT -
[-        ] MOT…ETHYLTNA:SAMTOOLS_IDXSTATS -
[-        ] MOT…A:METHYLTNA:BISCUIT_PILEUP -
[-        ] MOT…YLTNA:METHYLTNA:BISCUIT_QC -
Plus 2 more processes waiting for tasks…

executor >  local (14)
[54/57fc5b] MOT…:FASTQC (Ca3-TNA-NNSR_09N) | 3 of 3 ✔
[7b/1973fe] MOT…MGALORE (Ca3-TNA-NNSR_09N) | 3 of 3 ✔
[95/86c81d] MOT…(Ca3-TNA-NNSR_09N_trimmed) | 0 of 3
[e9/ba4495] MOT…RACTION (Ca3-RNA-NNSR_09Z) | 1 of 3
[-        ] MOT…VOLUTION:RNA_STATS_SUMMARY -
[e5/25dce0] MOT…Ca3-RNA-NNSR_09Z_barcoded) | 0 of 1
[-        ] MOT…NA:METHYLTNA:SAMTOOLS_VIEW -
[-        ] MOT…NA:METHYLTNA:SAMTOOLS_SORT -
[-        ] MOT…LTNA:SUBREAD_FEATURECOUNTS -
[-        ] MOT…:LOFREQ_RNA:SAMTOOLS_INDEX -
[-        ] MOT…FREQ_RNA:SAMTOOLS_IDXSTATS -
[-        ] MOT…FREQ_RNA:SAMTOOLS_FLAGSTAT -
[-        ] MOT…EQ_RNA:LOFREQ_CALLPARALLEL -
[-        ] MOT…A:METHYLTNA:LOFREQ_SUMMARY -
[be/c9f20c] MOT…3-RNA-NNSR_09Z_unbarcoded) | 0 of 1
[-        ] MOT…LTNA:PICARD_MARKDUPLICATES -
[-        ] MOT…ETHYLTNA:SAMTOOLS_FLAGSTAT -
[-        ] MOT…ETHYLTNA:SAMTOOLS_IDXSTATS -
[-        ] MOT…A:METHYLTNA:BISCUIT_PILEUP -
[-        ] MOT…YLTNA:METHYLTNA:BISCUIT_QC -
Plus 2 more processes waiting for tasks…

executor >  local (16)
[54/57fc5b] MOT…:FASTQC (Ca3-TNA-NNSR_09N) | 3 of 3 ✔
[7b/1973fe] MOT…MGALORE (Ca3-TNA-NNSR_09N) | 3 of 3 ✔
[95/86c81d] MOT…(Ca3-TNA-NNSR_09N_trimmed) | 0 of 3
[10/19d446] MOT…DEEXTRACTION (Ca3-DNA_09B) | 2 of 3
[-        ] MOT…VOLUTION:RNA_STATS_SUMMARY -
[2f/813925] MOT…IGN (Ca3-DNA_09B_barcoded) | 0 of 2
[-        ] MOT…NA:METHYLTNA:SAMTOOLS_VIEW -
[-        ] MOT…NA:METHYLTNA:SAMTOOLS_SORT -
[-        ] MOT…LTNA:SUBREAD_FEATURECOUNTS -
[-        ] MOT…:LOFREQ_RNA:SAMTOOLS_INDEX -
[-        ] MOT…FREQ_RNA:SAMTOOLS_IDXSTATS -
[-        ] MOT…FREQ_RNA:SAMTOOLS_FLAGSTAT -
[-        ] MOT…EQ_RNA:LOFREQ_CALLPARALLEL -
[-        ] MOT…A:METHYLTNA:LOFREQ_SUMMARY -
[11/545ada] MOT…N (Ca3-DNA_09B_unbarcoded) | 0 of 2
[-        ] MOT…LTNA:PICARD_MARKDUPLICATES -
[-        ] MOT…ETHYLTNA:SAMTOOLS_FLAGSTAT -
[-        ] MOT…ETHYLTNA:SAMTOOLS_IDXSTATS -
[-        ] MOT…A:METHYLTNA:BISCUIT_PILEUP -
[-        ] MOT…YLTNA:METHYLTNA:BISCUIT_QC -
Plus 2 more processes waiting for tasks…

executor >  local (19)
[54/57fc5b] MOT…:FASTQC (Ca3-TNA-NNSR_09N) | 3 of 3 ✔
[7b/1973fe] MOT…MGALORE (Ca3-TNA-NNSR_09N) | 3 of 3 ✔
[95/86c81d] MOT…(Ca3-TNA-NNSR_09N_trimmed) | 3 of 3 ✔
[69/e6a106] MOT…RACTION (Ca3-TNA-NNSR_09N) | 3 of 3 ✔
[58/193512] MOT…Y (RNA barcode statistics) | 0 of 1
[c8/fa0ccd] MOT…Ca3-TNA-NNSR_09N_barcoded) | 0 of 3
[-        ] MOT…NA:METHYLTNA:SAMTOOLS_VIEW -
[-        ] MOT…NA:METHYLTNA:SAMTOOLS_SORT -
[-        ] MOT…LTNA:SUBREAD_FEATURECOUNTS -
[-        ] MOT…:LOFREQ_RNA:SAMTOOLS_INDEX -
[-        ] MOT…FREQ_RNA:SAMTOOLS_IDXSTATS -
[-        ] MOT…FREQ_RNA:SAMTOOLS_FLAGSTAT -
[-        ] MOT…EQ_RNA:LOFREQ_CALLPARALLEL -
[-        ] MOT…A:METHYLTNA:LOFREQ_SUMMARY -
[22/d579c8] MOT…3-TNA-NNSR_09N_unbarcoded) | 0 of 3
[-        ] MOT…LTNA:PICARD_MARKDUPLICATES -
[-        ] MOT…ETHYLTNA:SAMTOOLS_FLAGSTAT -
[-        ] MOT…ETHYLTNA:SAMTOOLS_IDXSTATS -
[-        ] MOT…A:METHYLTNA:BISCUIT_PILEUP -
[-        ] MOT…YLTNA:METHYLTNA:BISCUIT_QC -
Plus 2 more processes waiting for tasks…

executor >  local (19)
[54/57fc5b] MOT…:FASTQC (Ca3-TNA-NNSR_09N) | 3 of 3 ✔
[7b/1973fe] MOT…MGALORE (Ca3-TNA-NNSR_09N) | 3 of 3 ✔
[95/86c81d] MOT…(Ca3-TNA-NNSR_09N_trimmed) | 3 of 3 ✔
[69/e6a106] MOT…RACTION (Ca3-TNA-NNSR_09N) | 3 of 3 ✔
[58/193512] MOT…Y (RNA barcode statistics) | 1 of 1 ✔
[c8/fa0ccd] MOT…Ca3-TNA-NNSR_09N_barcoded) | 0 of 3
[-        ] MOT…NA:METHYLTNA:SAMTOOLS_VIEW -
[-        ] MOT…NA:METHYLTNA:SAMTOOLS_SORT -
[-        ] MOT…LTNA:SUBREAD_FEATURECOUNTS -
[-        ] MOT…:LOFREQ_RNA:SAMTOOLS_INDEX -
[-        ] MOT…FREQ_RNA:SAMTOOLS_IDXSTATS -
[-        ] MOT…FREQ_RNA:SAMTOOLS_FLAGSTAT -
[-        ] MOT…EQ_RNA:LOFREQ_CALLPARALLEL -
[-        ] MOT…A:METHYLTNA:LOFREQ_SUMMARY -
[22/d579c8] MOT…3-TNA-NNSR_09N_unbarcoded) | 0 of 3
[-        ] MOT…LTNA:PICARD_MARKDUPLICATES -
[-        ] MOT…ETHYLTNA:SAMTOOLS_FLAGSTAT -
[-        ] MOT…ETHYLTNA:SAMTOOLS_IDXSTATS -
[-        ] MOT…A:METHYLTNA:BISCUIT_PILEUP -
[-        ] MOT…YLTNA:METHYLTNA:BISCUIT_QC -
Plus 2 more processes waiting for tasks…

executor >  local (20)
[54/57fc5b] MOT…:FASTQC (Ca3-TNA-NNSR_09N) | 3 of 3 ✔
[7b/1973fe] MOT…MGALORE (Ca3-TNA-NNSR_09N) | 3 of 3 ✔
[95/86c81d] MOT…(Ca3-TNA-NNSR_09N_trimmed) | 3 of 3 ✔
[69/e6a106] MOT…RACTION (Ca3-TNA-NNSR_09N) | 3 of 3 ✔
[58/193512] MOT…Y (RNA barcode statistics) | 1 of 1 ✔
[c8/fa0ccd] MOT…Ca3-TNA-NNSR_09N_barcoded) | 0 of 3
[-        ] MOT…NA:METHYLTNA:SAMTOOLS_VIEW -
[-        ] MOT…NA:METHYLTNA:SAMTOOLS_SORT -
[-        ] MOT…LTNA:SUBREAD_FEATURECOUNTS -
[-        ] MOT…:LOFREQ_RNA:SAMTOOLS_INDEX -
[-        ] MOT…FREQ_RNA:SAMTOOLS_IDXSTATS -
[-        ] MOT…FREQ_RNA:SAMTOOLS_FLAGSTAT -
[-        ] MOT…EQ_RNA:LOFREQ_CALLPARALLEL -
[-        ] MOT…A:METHYLTNA:LOFREQ_SUMMARY -
[be/c9f20c] MOT…3-RNA-NNSR_09Z_unbarcoded) | 1 of 3
[18/6b2c71] MOT…3-RNA-NNSR_09Z_unbarcoded) | 0 of 1
[-        ] MOT…ETHYLTNA:SAMTOOLS_FLAGSTAT -
[-        ] MOT…ETHYLTNA:SAMTOOLS_IDXSTATS -
[-        ] MOT…A:METHYLTNA:BISCUIT_PILEUP -
[-        ] MOT…YLTNA:METHYLTNA:BISCUIT_QC -
Plus 2 more processes waiting for tasks…

executor >  local (20)
[54/57fc5b] MOT…:FASTQC (Ca3-TNA-NNSR_09N) | 3 of 3 ✔
[7b/1973fe] MOT…MGALORE (Ca3-TNA-NNSR_09N) | 3 of 3 ✔
[95/86c81d] MOT…(Ca3-TNA-NNSR_09N_trimmed) | 3 of 3 ✔
[69/e6a106] MOT…RACTION (Ca3-TNA-NNSR_09N) | 3 of 3 ✔
[58/193512] MOT…Y (RNA barcode statistics) | 1 of 1 ✔
[c8/fa0ccd] MOT…Ca3-TNA-NNSR_09N_barcoded) | 0 of 3
[-        ] MOT…NA:METHYLTNA:SAMTOOLS_VIEW -
[-        ] MOT…NA:METHYLTNA:SAMTOOLS_SORT -
[-        ] MOT…LTNA:SUBREAD_FEATURECOUNTS -
[-        ] MOT…:LOFREQ_RNA:SAMTOOLS_INDEX -
[-        ] MOT…FREQ_RNA:SAMTOOLS_IDXSTATS -
[-        ] MOT…FREQ_RNA:SAMTOOLS_FLAGSTAT -
[-        ] MOT…EQ_RNA:LOFREQ_CALLPARALLEL -
[-        ] MOT…A:METHYLTNA:LOFREQ_SUMMARY -
[be/c9f20c] MOT…3-RNA-NNSR_09Z_unbarcoded) | 1 of 3
[18/6b2c71] MOT…3-RNA-NNSR_09Z_unbarcoded) | 0 of 1
[-        ] MOT…ETHYLTNA:SAMTOOLS_FLAGSTAT -
[-        ] MOT…ETHYLTNA:SAMTOOLS_IDXSTATS -
[-        ] MOT…A:METHYLTNA:BISCUIT_PILEUP -
[-        ] MOT…YLTNA:METHYLTNA:BISCUIT_QC -
Plus 2 more processes waiting for tasks…

executor >  local (20)
[54/57fc5b] MOT…:FASTQC (Ca3-TNA-NNSR_09N) | 3 of 3 ✔
[7b/1973fe] MOT…MGALORE (Ca3-TNA-NNSR_09N) | 3 of 3 ✔
[95/86c81d] MOT…(Ca3-TNA-NNSR_09N_trimmed) | 3 of 3 ✔
[69/e6a106] MOT…RACTION (Ca3-TNA-NNSR_09N) | 3 of 3 ✔
[58/193512] MOT…Y (RNA barcode statistics) | 1 of 1 ✔
[c8/fa0ccd] MOT…Ca3-TNA-NNSR_09N_barcoded) | 0 of 3
[-        ] MOT…NA:METHYLTNA:SAMTOOLS_VIEW -
[-        ] MOT…NA:METHYLTNA:SAMTOOLS_SORT -
[-        ] MOT…LTNA:SUBREAD_FEATURECOUNTS -
[-        ] MOT…:LOFREQ_RNA:SAMTOOLS_INDEX -
[-        ] MOT…FREQ_RNA:SAMTOOLS_IDXSTATS -
[-        ] MOT…FREQ_RNA:SAMTOOLS_FLAGSTAT -
[-        ] MOT…EQ_RNA:LOFREQ_CALLPARALLEL -
[-        ] MOT…A:METHYLTNA:LOFREQ_SUMMARY -
[22/d579c8] MOT…3-TNA-NNSR_09N_unbarcoded) | 2 of 3
[18/6b2c71] MOT…3-RNA-NNSR_09Z_unbarcoded) | 0 of 1
[-        ] MOT…ETHYLTNA:SAMTOOLS_FLAGSTAT -
[-        ] MOT…ETHYLTNA:SAMTOOLS_IDXSTATS -
[-        ] MOT…A:METHYLTNA:BISCUIT_PILEUP -
[-        ] MOT…YLTNA:METHYLTNA:BISCUIT_QC -
Plus 2 more processes waiting for tasks…

executor >  local (21)
[54/57fc5b] MOT…:FASTQC (Ca3-TNA-NNSR_09N) | 3 of 3 ✔
[7b/1973fe] MOT…MGALORE (Ca3-TNA-NNSR_09N) | 3 of 3 ✔
[95/86c81d] MOT…(Ca3-TNA-NNSR_09N_trimmed) | 3 of 3 ✔
[69/e6a106] MOT…RACTION (Ca3-TNA-NNSR_09N) | 3 of 3 ✔
[58/193512] MOT…Y (RNA barcode statistics) | 1 of 1 ✔
[c8/fa0ccd] MOT…Ca3-TNA-NNSR_09N_barcoded) | 0 of 3
[-        ] MOT…NA:METHYLTNA:SAMTOOLS_VIEW -
[-        ] MOT…NA:METHYLTNA:SAMTOOLS_SORT -
[-        ] MOT…LTNA:SUBREAD_FEATURECOUNTS -
[-        ] MOT…:LOFREQ_RNA:SAMTOOLS_INDEX -
[-        ] MOT…FREQ_RNA:SAMTOOLS_IDXSTATS -
[-        ] MOT…FREQ_RNA:SAMTOOLS_FLAGSTAT -
[-        ] MOT…EQ_RNA:LOFREQ_CALLPARALLEL -
[-        ] MOT…A:METHYLTNA:LOFREQ_SUMMARY -
[22/d579c8] MOT…3-TNA-NNSR_09N_unbarcoded) | 2 of 3
[16/d7dbfe] MOT…3-TNA-NNSR_09N_unbarcoded) | 0 of 2
[-        ] MOT…ETHYLTNA:SAMTOOLS_FLAGSTAT -
[-        ] MOT…ETHYLTNA:SAMTOOLS_IDXSTATS -
[-        ] MOT…A:METHYLTNA:BISCUIT_PILEUP -
[-        ] MOT…YLTNA:METHYLTNA:BISCUIT_QC -
Plus 2 more processes waiting for tasks…

executor >  local (21)
[54/57fc5b] MOT…:FASTQC (Ca3-TNA-NNSR_09N) | 3 of 3 ✔
[7b/1973fe] MOT…MGALORE (Ca3-TNA-NNSR_09N) | 3 of 3 ✔
[95/86c81d] MOT…(Ca3-TNA-NNSR_09N_trimmed) | 3 of 3 ✔
[69/e6a106] MOT…RACTION (Ca3-TNA-NNSR_09N) | 3 of 3 ✔
[58/193512] MOT…Y (RNA barcode statistics) | 1 of 1 ✔
[c8/fa0ccd] MOT…Ca3-TNA-NNSR_09N_barcoded) | 0 of 3
[-        ] MOT…NA:METHYLTNA:SAMTOOLS_VIEW -
[-        ] MOT…NA:METHYLTNA:SAMTOOLS_SORT -
[-        ] MOT…LTNA:SUBREAD_FEATURECOUNTS -
[-        ] MOT…:LOFREQ_RNA:SAMTOOLS_INDEX -
[-        ] MOT…FREQ_RNA:SAMTOOLS_IDXSTATS -
[-        ] MOT…FREQ_RNA:SAMTOOLS_FLAGSTAT -
[-        ] MOT…EQ_RNA:LOFREQ_CALLPARALLEL -
[-        ] MOT…A:METHYLTNA:LOFREQ_SUMMARY -
[22/d579c8] MOT…3-TNA-NNSR_09N_unbarcoded) | 2 of 3
[16/d7dbfe] MOT…3-TNA-NNSR_09N_unbarcoded) | 0 of 2
[-        ] MOT…ETHYLTNA:SAMTOOLS_FLAGSTAT -
[-        ] MOT…ETHYLTNA:SAMTOOLS_IDXSTATS -
[-        ] MOT…A:METHYLTNA:BISCUIT_PILEUP -
[-        ] MOT…YLTNA:METHYLTNA:BISCUIT_QC -
Plus 2 more processes waiting for tasks…
ERROR ~ Error executing process > 'MOTLEYBIOORGANIZATION_METHYLTNA:METHYLTNA:PICARD_MARKDUPLICATES (Ca3-RNA-NNSR_09Z_unbarcoded)'

Caused by:
  Process `MOTLEYBIOORGANIZATION_METHYLTNA:METHYLTNA:PICARD_MARKDUPLICATES (Ca3-RNA-NNSR_09Z_unbarcoded)` terminated with an error exit status (1)


Command executed:

  picard \
      -Xmx12288M \
      MarkDuplicates \
      --ASSUME_SORTED true --VALIDATION_STRINGENCY LENIENT --CREATE_INDEX true \
      --INPUT Ca3-RNA-NNSR_09Z_unbarcoded.bam \
      --OUTPUT Ca3-RNA-NNSR_09Z_unbarcoded.dedup.bam \
       \
      --METRICS_FILE Ca3-RNA-NNSR_09Z_unbarcoded.dedup.MarkDuplicates.metrics.txt
  
  cat <<-END_VERSIONS > versions.yml
  "MOTLEYBIOORGANIZATION_METHYLTNA:METHYLTNA:PICARD_MARKDUPLICATES":
      picard: $(echo $(picard MarkDuplicates --version 2>&1) | grep -o 'Version:.*' | cut -f2- -d:)
  END_VERSIONS

Command exit status:
  1

Command output:
  (empty)

Command error:
  INFO:    Environment variable SINGULARITYENV_NXF_TASK_WORKDIR is set, but APPTAINERENV_NXF_TASK_WORKDIR is preferred
  INFO:    Environment variable SINGULARITYENV_NXF_DEBUG is set, but APPTAINERENV_NXF_DEBUG is preferred
  /opt/conda/bin/picard: line 5: warning: setlocale: LC_ALL: cannot change locale (en_US.UTF-8): No such file or directory
  23:47:03.556 INFO  NativeLibraryLoader - Loading libgkl_compression.so from jar:file:/opt/conda/share/picard-3.4.0-0/picard.jar!/com/intel/gkl/native/libgkl_compression.so
  [Thu Oct 09 23:47:03 GMT 2025] MarkDuplicates --INPUT Ca3-RNA-NNSR_09Z_unbarcoded.bam --OUTPUT Ca3-RNA-NNSR_09Z_unbarcoded.dedup.bam --METRICS_FILE Ca3-RNA-NNSR_09Z_unbarcoded.dedup.MarkDuplicates.metrics.txt --ASSUME_SORTED true --VALIDATION_STRINGENCY LENIENT --CREATE_INDEX true --MAX_SEQUENCES_FOR_DISK_READ_ENDS_MAP 50000 --MAX_FILE_HANDLES_FOR_READ_ENDS_MAP 8000 --SORTING_COLLECTION_SIZE_RATIO 0.25 --TAG_DUPLICATE_SET_MEMBERS false --REMOVE_SEQUENCING_DUPLICATES false --TAGGING_POLICY DontTag --CLEAR_DT true --DUPLEX_UMI false --FLOW_MODE false --FLOW_DUP_STRATEGY FLOW_QUALITY_SUM_STRATEGY --FLOW_USE_END_IN_UNPAIRED_READS false --FLOW_USE_UNPAIRED_CLIPPED_END false --FLOW_UNPAIRED_END_UNCERTAINTY 0 --FLOW_UNPAIRED_START_UNCERTAINTY 0 --FLOW_SKIP_FIRST_N_FLOWS 0 --FLOW_Q_IS_KNOWN_END false --FLOW_EFFECTIVE_QUALITY_THRESHOLD 15 --ADD_PG_TAG_TO_READS true --REMOVE_DUPLICATES false --DUPLICATE_SCORING_STRATEGY SUM_OF_BASE_QUALITIES --PROGRAM_RECORD_ID MarkDuplicates --PROGRAM_GROUP_NAME MarkDuplicates --READ_NAME_REGEX <optimized capture of last three ':' separated fields as numeric values> --OPTICAL_DUPLICATE_PIXEL_DISTANCE 100 --MAX_OPTICAL_DUPLICATE_SET_SIZE 300000 --VERBOSITY INFO --QUIET false --COMPRESSION_LEVEL 5 --MAX_RECORDS_IN_RAM 500000 --CREATE_MD5_FILE false --help false --version false --showHidden false --USE_JDK_DEFLATER false --USE_JDK_INFLATER false
  [Thu Oct 09 23:47:03 GMT 2025] Executing as marcus@mjv-hp on Linux 5.14.0-539.el9.x86_64 amd64; OpenJDK 64-Bit Server VM 23.0.2-internal-adhoc.conda.src; Deflater: Intel; Inflater: Intel; Provider GCS is available; Picard version: Version:3.4.0
  INFO	2025-10-09 23:47:03	MarkDuplicates	Start of doWork freeMemory: 299180584; totalMemory: 310378496; maxMemory: 12884901888
  INFO	2025-10-09 23:47:03	MarkDuplicates	Reading input file and constructing read end information.
  INFO	2025-10-09 23:47:03	MarkDuplicates	Will retain up to 46684427 data points before spilling to disk.
  WARNING	2025-10-09 23:47:03	SamFiles	The index file /home/marcus/pipelines/methyltna/work/be/c9f20c344e1586b29610e6040a06c3/Ca3-RNA-NNSR_09Z_unbarcoded.bam.bai was found by resolving the canonical path of a symlink: Ca3-RNA-NNSR_09Z_unbarcoded.bam -> /home/marcus/pipelines/methyltna/work/be/c9f20c344e1586b29610e6040a06c3/Ca3-RNA-NNSR_09Z_unbarcoded.bam
  [Thu Oct 09 23:47:03 GMT 2025] picard.sam.markduplicates.MarkDuplicates done. Elapsed time: 0.01 minutes.
  Runtime.totalMemory()=813694976
  To get help, see http://broadinstitute.github.io/picard/index.html#GettingHelp
  Exception in thread "main" java.lang.NullPointerException: Cannot invoke "htsjdk.samtools.SAMReadGroupRecord.getReadGroupId()" because the return value of "htsjdk.samtools.SAMRecord.getReadGroup()" is null
  	at picard.sam.markduplicates.MarkDuplicates.buildSortedReadEndLists(MarkDuplicates.java:558)
  	at picard.sam.markduplicates.MarkDuplicates.doWork(MarkDuplicates.java:270)
  	at picard.cmdline.CommandLineProgram.instanceMain(CommandLineProgram.java:281)
  	at picard.cmdline.PicardCommandLine.instanceMain(PicardCommandLine.java:105)
  	at picard.cmdline.PicardCommandLine.main(PicardCommandLine.java:115)

Work dir:
  /home/marcus/pipelines/methyltna/work/18/6b2c719a9eda38a1e713d51eef4e39

Container:
  /home/marcus/.singularity/cache/community-cr-prod.seqera.io-docker-registry-v2-blobs-sha256-08-0861295baa7c01fc593a9da94e82b44a729dcaf8da92be8e565da109aa549b25-data.img

Tip: you can try to figure out what's wrong by changing to the process work dir and showing the script file named `.command.sh`

 -- Check '.nextflow.log' file for details

executor >  local (21)
[54/57fc5b] MOT…:FASTQC (Ca3-TNA-NNSR_09N) | 3 of 3 ✔
[7b/1973fe] MOT…MGALORE (Ca3-TNA-NNSR_09N) | 3 of 3 ✔
[95/86c81d] MOT…(Ca3-TNA-NNSR_09N_trimmed) | 3 of 3 ✔
[69/e6a106] MOT…RACTION (Ca3-TNA-NNSR_09N) | 3 of 3 ✔
[58/193512] MOT…Y (RNA barcode statistics) | 1 of 1 ✔
[c8/fa0ccd] MOT…Ca3-TNA-NNSR_09N_barcoded) | 0 of 3
[-        ] MOT…NA:METHYLTNA:SAMTOOLS_VIEW -
[-        ] MOT…NA:METHYLTNA:SAMTOOLS_SORT -
[-        ] MOT…LTNA:SUBREAD_FEATURECOUNTS -
[-        ] MOT…:LOFREQ_RNA:SAMTOOLS_INDEX -
[-        ] MOT…FREQ_RNA:SAMTOOLS_IDXSTATS -
[-        ] MOT…FREQ_RNA:SAMTOOLS_FLAGSTAT -
[-        ] MOT…EQ_RNA:LOFREQ_CALLPARALLEL -
[-        ] MOT…A:METHYLTNA:LOFREQ_SUMMARY -
[22/d579c8] MOT…3-TNA-NNSR_09N_unbarcoded) | 2 of 3
[18/6b2c71] MOT…3-RNA-NNSR_09Z_unbarcoded) | 0 of 2
[-        ] MOT…ETHYLTNA:SAMTOOLS_FLAGSTAT -
[-        ] MOT…ETHYLTNA:SAMTOOLS_IDXSTATS -
[-        ] MOT…A:METHYLTNA:BISCUIT_PILEUP -
[-        ] MOT…YLTNA:METHYLTNA:BISCUIT_QC -
Plus 2 more processes waiting for tasks…
Execution cancelled -- Finishing pending tasks before exit
ERROR ~ Error executing process > 'MOTLEYBIOORGANIZATION_METHYLTNA:METHYLTNA:PICARD_MARKDUPLICATES (Ca3-RNA-NNSR_09Z_unbarcoded)'

Caused by:
  Process `MOTLEYBIOORGANIZATION_METHYLTNA:METHYLTNA:PICARD_MARKDUPLICATES (Ca3-RNA-NNSR_09Z_unbarcoded)` terminated with an error exit status (1)


Command executed:

  picard \
      -Xmx12288M \
      MarkDuplicates \
      --ASSUME_SORTED true --VALIDATION_STRINGENCY LENIENT --CREATE_INDEX true \
      --INPUT Ca3-RNA-NNSR_09Z_unbarcoded.bam \
      --OUTPUT Ca3-RNA-NNSR_09Z_unbarcoded.dedup.bam \
       \
      --METRICS_FILE Ca3-RNA-NNSR_09Z_unbarcoded.dedup.MarkDuplicates.metrics.txt
  
  cat <<-END_VERSIONS > versions.yml
  "MOTLEYBIOORGANIZATION_METHYLTNA:METHYLTNA:PICARD_MARKDUPLICATES":
      picard: $(echo $(picard MarkDuplicates --version 2>&1) | grep -o 'Version:.*' | cut -f2- -d:)
  END_VERSIONS

Command exit status:
  1

Command output:
  (empty)

Command error:
  INFO:    Environment variable SINGULARITYENV_NXF_TASK_WORKDIR is set, but APPTAINERENV_NXF_TASK_WORKDIR is preferred
  INFO:    Environment variable SINGULARITYENV_NXF_DEBUG is set, but APPTAINERENV_NXF_DEBUG is preferred
  /opt/conda/bin/picard: line 5: warning: setlocale: LC_ALL: cannot change locale (en_US.UTF-8): No such file or directory
  23:47:03.556 INFO  NativeLibraryLoader - Loading libgkl_compression.so from jar:file:/opt/conda/share/picard-3.4.0-0/picard.jar!/com/intel/gkl/native/libgkl_compression.so
  [Thu Oct 09 23:47:03 GMT 2025] MarkDuplicates --INPUT Ca3-RNA-NNSR_09Z_unbarcoded.bam --OUTPUT Ca3-RNA-NNSR_09Z_unbarcoded.dedup.bam --METRICS_FILE Ca3-RNA-NNSR_09Z_unbarcoded.dedup.MarkDuplicates.metrics.txt --ASSUME_SORTED true --VALIDATION_STRINGENCY LENIENT --CREATE_INDEX true --MAX_SEQUENCES_FOR_DISK_READ_ENDS_MAP 50000 --MAX_FILE_HANDLES_FOR_READ_ENDS_MAP 8000 --SORTING_COLLECTION_SIZE_RATIO 0.25 --TAG_DUPLICATE_SET_MEMBERS false --REMOVE_SEQUENCING_DUPLICATES false --TAGGING_POLICY DontTag --CLEAR_DT true --DUPLEX_UMI false --FLOW_MODE false --FLOW_DUP_STRATEGY FLOW_QUALITY_SUM_STRATEGY --FLOW_USE_END_IN_UNPAIRED_READS false --FLOW_USE_UNPAIRED_CLIPPED_END false --FLOW_UNPAIRED_END_UNCERTAINTY 0 --FLOW_UNPAIRED_START_UNCERTAINTY 0 --FLOW_SKIP_FIRST_N_FLOWS 0 --FLOW_Q_IS_KNOWN_END false --FLOW_EFFECTIVE_QUALITY_THRESHOLD 15 --ADD_PG_TAG_TO_READS true --REMOVE_DUPLICATES false --DUPLICATE_SCORING_STRATEGY SUM_OF_BASE_QUALITIES --PROGRAM_RECORD_ID MarkDuplicates --PROGRAM_GROUP_NAME MarkDuplicates --READ_NAME_REGEX <optimized capture of last three ':' separated fields as numeric values> --OPTICAL_DUPLICATE_PIXEL_DISTANCE 100 --MAX_OPTICAL_DUPLICATE_SET_SIZE 300000 --VERBOSITY INFO --QUIET false --COMPRESSION_LEVEL 5 --MAX_RECORDS_IN_RAM 500000 --CREATE_MD5_FILE false --help false --version false --showHidden false --USE_JDK_DEFLATER false --USE_JDK_INFLATER false
  [Thu Oct 09 23:47:03 GMT 2025] Executing as marcus@mjv-hp on Linux 5.14.0-539.el9.x86_64 amd64; OpenJDK 64-Bit Server VM 23.0.2-internal-adhoc.conda.src; Deflater: Intel; Inflater: Intel; Provider GCS is available; Picard version: Version:3.4.0
  INFO	2025-10-09 23:47:03	MarkDuplicates	Start of doWork freeMemory: 299180584; totalMemory: 310378496; maxMemory: 12884901888
  INFO	2025-10-09 23:47:03	MarkDuplicates	Reading input file and constructing read end information.
  INFO	2025-10-09 23:47:03	MarkDuplicates	Will retain up to 46684427 data points before spilling to disk.
  WARNING	2025-10-09 23:47:03	SamFiles	The index file /home/marcus/pipelines/methyltna/work/be/c9f20c344e1586b29610e6040a06c3/Ca3-RNA-NNSR_09Z_unbarcoded.bam.bai was found by resolving the canonical path of a symlink: Ca3-RNA-NNSR_09Z_unbarcoded.bam -> /home/marcus/pipelines/methyltna/work/be/c9f20c344e1586b29610e6040a06c3/Ca3-RNA-NNSR_09Z_unbarcoded.bam
  [Thu Oct 09 23:47:03 GMT 2025] picard.sam.markduplicates.MarkDuplicates done. Elapsed time: 0.01 minutes.
  Runtime.totalMemory()=813694976
  To get help, see http://broadinstitute.github.io/picard/index.html#GettingHelp
  Exception in thread "main" java.lang.NullPointerException: Cannot invoke "htsjdk.samtools.SAMReadGroupRecord.getReadGroupId()" because the return value of "htsjdk.samtools.SAMRecord.getReadGroup()" is null
  	at picard.sam.markduplicates.MarkDuplicates.buildSortedReadEndLists(MarkDuplicates.java:558)
  	at picard.sam.markduplicates.MarkDuplicates.doWork(MarkDuplicates.java:270)
  	at picard.cmdline.CommandLineProgram.instanceMain(CommandLineProgram.java:281)
  	at picard.cmdline.PicardCommandLine.instanceMain(PicardCommandLine.java:105)
  	at picard.cmdline.PicardCommandLine.main(PicardCommandLine.java:115)

Work dir:
  /home/marcus/pipelines/methyltna/work/18/6b2c719a9eda38a1e713d51eef4e39

Container:
  /home/marcus/.singularity/cache/community-cr-prod.seqera.io-docker-registry-v2-blobs-sha256-08-0861295baa7c01fc593a9da94e82b44a729dcaf8da92be8e565da109aa549b25-data.img

Tip: you can try to figure out what's wrong by changing to the process work dir and showing the script file named `.command.sh`

 -- Check '.nextflow.log' file for details
ERROR ~ Pipeline failed. Please refer to troubleshooting docs: https://nf-co.re/docs/usage/troubleshooting

 -- Check '.nextflow.log' file for details

executor >  local (21)
[54/57fc5b] MOT…:FASTQC (Ca3-TNA-NNSR_09N) | 3 of 3 ✔
[7b/1973fe] MOT…MGALORE (Ca3-TNA-NNSR_09N) | 3 of 3 ✔
[95/86c81d] MOT…(Ca3-TNA-NNSR_09N_trimmed) | 3 of 3 ✔
[69/e6a106] MOT…RACTION (Ca3-TNA-NNSR_09N) | 3 of 3 ✔
[58/193512] MOT…Y (RNA barcode statistics) | 1 of 1 ✔
[c8/fa0ccd] MOT…Ca3-TNA-NNSR_09N_barcoded) | 0 of 3
[-        ] MOT…NA:METHYLTNA:SAMTOOLS_VIEW -
[-        ] MOT…NA:METHYLTNA:SAMTOOLS_SORT -
[-        ] MOT…LTNA:SUBREAD_FEATURECOUNTS -
[-        ] MOT…:LOFREQ_RNA:SAMTOOLS_INDEX -
[-        ] MOT…FREQ_RNA:SAMTOOLS_IDXSTATS -
[-        ] MOT…FREQ_RNA:SAMTOOLS_FLAGSTAT -
[-        ] MOT…EQ_RNA:LOFREQ_CALLPARALLEL -
[-        ] MOT…A:METHYLTNA:LOFREQ_SUMMARY -
[11/545ada] MOT…N (Ca3-DNA_09B_unbarcoded) | 3 of 3 ✔
[18/6b2c71] MOT…3-RNA-NNSR_09Z_unbarcoded) | 0 of 2
[-        ] MOT…ETHYLTNA:SAMTOOLS_FLAGSTAT -
[-        ] MOT…ETHYLTNA:SAMTOOLS_IDXSTATS -
[-        ] MOT…A:METHYLTNA:BISCUIT_PILEUP -
[-        ] MOT…YLTNA:METHYLTNA:BISCUIT_QC -
Plus 2 more processes waiting for tasks…
Execution cancelled -- Finishing pending tasks before exit
ERROR ~ Error executing process > 'MOTLEYBIOORGANIZATION_METHYLTNA:METHYLTNA:PICARD_MARKDUPLICATES (Ca3-RNA-NNSR_09Z_unbarcoded)'

Caused by:
  Process `MOTLEYBIOORGANIZATION_METHYLTNA:METHYLTNA:PICARD_MARKDUPLICATES (Ca3-RNA-NNSR_09Z_unbarcoded)` terminated with an error exit status (1)


Command executed:

  picard \
      -Xmx12288M \
      MarkDuplicates \
      --ASSUME_SORTED true --VALIDATION_STRINGENCY LENIENT --CREATE_INDEX true \
      --INPUT Ca3-RNA-NNSR_09Z_unbarcoded.bam \
      --OUTPUT Ca3-RNA-NNSR_09Z_unbarcoded.dedup.bam \
       \
      --METRICS_FILE Ca3-RNA-NNSR_09Z_unbarcoded.dedup.MarkDuplicates.metrics.txt
  
  cat <<-END_VERSIONS > versions.yml
  "MOTLEYBIOORGANIZATION_METHYLTNA:METHYLTNA:PICARD_MARKDUPLICATES":
      picard: $(echo $(picard MarkDuplicates --version 2>&1) | grep -o 'Version:.*' | cut -f2- -d:)
  END_VERSIONS

Command exit status:
  1

Command output:
  (empty)

Command error:
  INFO:    Environment variable SINGULARITYENV_NXF_TASK_WORKDIR is set, but APPTAINERENV_NXF_TASK_WORKDIR is preferred
  INFO:    Environment variable SINGULARITYENV_NXF_DEBUG is set, but APPTAINERENV_NXF_DEBUG is preferred
  /opt/conda/bin/picard: line 5: warning: setlocale: LC_ALL: cannot change locale (en_US.UTF-8): No such file or directory
  23:47:03.556 INFO  NativeLibraryLoader - Loading libgkl_compression.so from jar:file:/opt/conda/share/picard-3.4.0-0/picard.jar!/com/intel/gkl/native/libgkl_compression.so
  [Thu Oct 09 23:47:03 GMT 2025] MarkDuplicates --INPUT Ca3-RNA-NNSR_09Z_unbarcoded.bam --OUTPUT Ca3-RNA-NNSR_09Z_unbarcoded.dedup.bam --METRICS_FILE Ca3-RNA-NNSR_09Z_unbarcoded.dedup.MarkDuplicates.metrics.txt --ASSUME_SORTED true --VALIDATION_STRINGENCY LENIENT --CREATE_INDEX true --MAX_SEQUENCES_FOR_DISK_READ_ENDS_MAP 50000 --MAX_FILE_HANDLES_FOR_READ_ENDS_MAP 8000 --SORTING_COLLECTION_SIZE_RATIO 0.25 --TAG_DUPLICATE_SET_MEMBERS false --REMOVE_SEQUENCING_DUPLICATES false --TAGGING_POLICY DontTag --CLEAR_DT true --DUPLEX_UMI false --FLOW_MODE false --FLOW_DUP_STRATEGY FLOW_QUALITY_SUM_STRATEGY --FLOW_USE_END_IN_UNPAIRED_READS false --FLOW_USE_UNPAIRED_CLIPPED_END false --FLOW_UNPAIRED_END_UNCERTAINTY 0 --FLOW_UNPAIRED_START_UNCERTAINTY 0 --FLOW_SKIP_FIRST_N_FLOWS 0 --FLOW_Q_IS_KNOWN_END false --FLOW_EFFECTIVE_QUALITY_THRESHOLD 15 --ADD_PG_TAG_TO_READS true --REMOVE_DUPLICATES false --DUPLICATE_SCORING_STRATEGY SUM_OF_BASE_QUALITIES --PROGRAM_RECORD_ID MarkDuplicates --PROGRAM_GROUP_NAME MarkDuplicates --READ_NAME_REGEX <optimized capture of last three ':' separated fields as numeric values> --OPTICAL_DUPLICATE_PIXEL_DISTANCE 100 --MAX_OPTICAL_DUPLICATE_SET_SIZE 300000 --VERBOSITY INFO --QUIET false --COMPRESSION_LEVEL 5 --MAX_RECORDS_IN_RAM 500000 --CREATE_MD5_FILE false --help false --version false --showHidden false --USE_JDK_DEFLATER false --USE_JDK_INFLATER false
  [Thu Oct 09 23:47:03 GMT 2025] Executing as marcus@mjv-hp on Linux 5.14.0-539.el9.x86_64 amd64; OpenJDK 64-Bit Server VM 23.0.2-internal-adhoc.conda.src; Deflater: Intel; Inflater: Intel; Provider GCS is available; Picard version: Version:3.4.0
  INFO	2025-10-09 23:47:03	MarkDuplicates	Start of doWork freeMemory: 299180584; totalMemory: 310378496; maxMemory: 12884901888
  INFO	2025-10-09 23:47:03	MarkDuplicates	Reading input file and constructing read end information.
  INFO	2025-10-09 23:47:03	MarkDuplicates	Will retain up to 46684427 data points before spilling to disk.
  WARNING	2025-10-09 23:47:03	SamFiles	The index file /home/marcus/pipelines/methyltna/work/be/c9f20c344e1586b29610e6040a06c3/Ca3-RNA-NNSR_09Z_unbarcoded.bam.bai was found by resolving the canonical path of a symlink: Ca3-RNA-NNSR_09Z_unbarcoded.bam -> /home/marcus/pipelines/methyltna/work/be/c9f20c344e1586b29610e6040a06c3/Ca3-RNA-NNSR_09Z_unbarcoded.bam
  [Thu Oct 09 23:47:03 GMT 2025] picard.sam.markduplicates.MarkDuplicates done. Elapsed time: 0.01 minutes.
  Runtime.totalMemory()=813694976
  To get help, see http://broadinstitute.github.io/picard/index.html#GettingHelp
  Exception in thread "main" java.lang.NullPointerException: Cannot invoke "htsjdk.samtools.SAMReadGroupRecord.getReadGroupId()" because the return value of "htsjdk.samtools.SAMRecord.getReadGroup()" is null
  	at picard.sam.markduplicates.MarkDuplicates.buildSortedReadEndLists(MarkDuplicates.java:558)
  	at picard.sam.markduplicates.MarkDuplicates.doWork(MarkDuplicates.java:270)
  	at picard.cmdline.CommandLineProgram.instanceMain(CommandLineProgram.java:281)
  	at picard.cmdline.PicardCommandLine.instanceMain(PicardCommandLine.java:105)
  	at picard.cmdline.PicardCommandLine.main(PicardCommandLine.java:115)

Work dir:
  /home/marcus/pipelines/methyltna/work/18/6b2c719a9eda38a1e713d51eef4e39

Container:
  /home/marcus/.singularity/cache/community-cr-prod.seqera.io-docker-registry-v2-blobs-sha256-08-0861295baa7c01fc593a9da94e82b44a729dcaf8da92be8e565da109aa549b25-data.img

Tip: you can try to figure out what's wrong by changing to the process work dir and showing the script file named `.command.sh`

 -- Check '.nextflow.log' file for details
ERROR ~ Pipeline failed. Please refer to troubleshooting docs: https://nf-co.re/docs/usage/troubleshooting

 -- Check '.nextflow.log' file for details

executor >  local (21)
[54/57fc5b] MOT…:FASTQC (Ca3-TNA-NNSR_09N) | 3 of 3 ✔
[7b/1973fe] MOT…MGALORE (Ca3-TNA-NNSR_09N) | 3 of 3 ✔
[95/86c81d] MOT…(Ca3-TNA-NNSR_09N_trimmed) | 3 of 3 ✔
[69/e6a106] MOT…RACTION (Ca3-TNA-NNSR_09N) | 3 of 3 ✔
[58/193512] MOT…Y (RNA barcode statistics) | 1 of 1 ✔
[c8/fa0ccd] MOT…Ca3-TNA-NNSR_09N_barcoded) | 0 of 3
[-        ] MOT…NA:METHYLTNA:SAMTOOLS_VIEW -
[-        ] MOT…NA:METHYLTNA:SAMTOOLS_SORT -
[-        ] MOT…LTNA:SUBREAD_FEATURECOUNTS -
[-        ] MOT…:LOFREQ_RNA:SAMTOOLS_INDEX -
[-        ] MOT…FREQ_RNA:SAMTOOLS_IDXSTATS -
[-        ] MOT…FREQ_RNA:SAMTOOLS_FLAGSTAT -
[-        ] MOT…EQ_RNA:LOFREQ_CALLPARALLEL -
[-        ] MOT…A:METHYLTNA:LOFREQ_SUMMARY -
[11/545ada] MOT…N (Ca3-DNA_09B_unbarcoded) | 3 of 3 ✔
[16/d7dbfe] MOT…3-TNA-NNSR_09N_unbarcoded) | 0 of 2
[-        ] MOT…ETHYLTNA:SAMTOOLS_FLAGSTAT -
[-        ] MOT…ETHYLTNA:SAMTOOLS_IDXSTATS -
[-        ] MOT…A:METHYLTNA:BISCUIT_PILEUP -
[-        ] MOT…YLTNA:METHYLTNA:BISCUIT_QC -
Plus 2 more processes waiting for tasks…
Execution cancelled -- Finishing pending tasks before exit
ERROR ~ Error executing process > 'MOTLEYBIOORGANIZATION_METHYLTNA:METHYLTNA:PICARD_MARKDUPLICATES (Ca3-RNA-NNSR_09Z_unbarcoded)'

Caused by:
  Process `MOTLEYBIOORGANIZATION_METHYLTNA:METHYLTNA:PICARD_MARKDUPLICATES (Ca3-RNA-NNSR_09Z_unbarcoded)` terminated with an error exit status (1)


Command executed:

  picard \
      -Xmx12288M \
      MarkDuplicates \
      --ASSUME_SORTED true --VALIDATION_STRINGENCY LENIENT --CREATE_INDEX true \
      --INPUT Ca3-RNA-NNSR_09Z_unbarcoded.bam \
      --OUTPUT Ca3-RNA-NNSR_09Z_unbarcoded.dedup.bam \
       \
      --METRICS_FILE Ca3-RNA-NNSR_09Z_unbarcoded.dedup.MarkDuplicates.metrics.txt
  
  cat <<-END_VERSIONS > versions.yml
  "MOTLEYBIOORGANIZATION_METHYLTNA:METHYLTNA:PICARD_MARKDUPLICATES":
      picard: $(echo $(picard MarkDuplicates --version 2>&1) | grep -o 'Version:.*' | cut -f2- -d:)
  END_VERSIONS

Command exit status:
  1

Command output:
  (empty)

Command error:
  INFO:    Environment variable SINGULARITYENV_NXF_TASK_WORKDIR is set, but APPTAINERENV_NXF_TASK_WORKDIR is preferred
  INFO:    Environment variable SINGULARITYENV_NXF_DEBUG is set, but APPTAINERENV_NXF_DEBUG is preferred
  /opt/conda/bin/picard: line 5: warning: setlocale: LC_ALL: cannot change locale (en_US.UTF-8): No such file or directory
  23:47:03.556 INFO  NativeLibraryLoader - Loading libgkl_compression.so from jar:file:/opt/conda/share/picard-3.4.0-0/picard.jar!/com/intel/gkl/native/libgkl_compression.so
  [Thu Oct 09 23:47:03 GMT 2025] MarkDuplicates --INPUT Ca3-RNA-NNSR_09Z_unbarcoded.bam --OUTPUT Ca3-RNA-NNSR_09Z_unbarcoded.dedup.bam --METRICS_FILE Ca3-RNA-NNSR_09Z_unbarcoded.dedup.MarkDuplicates.metrics.txt --ASSUME_SORTED true --VALIDATION_STRINGENCY LENIENT --CREATE_INDEX true --MAX_SEQUENCES_FOR_DISK_READ_ENDS_MAP 50000 --MAX_FILE_HANDLES_FOR_READ_ENDS_MAP 8000 --SORTING_COLLECTION_SIZE_RATIO 0.25 --TAG_DUPLICATE_SET_MEMBERS false --REMOVE_SEQUENCING_DUPLICATES false --TAGGING_POLICY DontTag --CLEAR_DT true --DUPLEX_UMI false --FLOW_MODE false --FLOW_DUP_STRATEGY FLOW_QUALITY_SUM_STRATEGY --FLOW_USE_END_IN_UNPAIRED_READS false --FLOW_USE_UNPAIRED_CLIPPED_END false --FLOW_UNPAIRED_END_UNCERTAINTY 0 --FLOW_UNPAIRED_START_UNCERTAINTY 0 --FLOW_SKIP_FIRST_N_FLOWS 0 --FLOW_Q_IS_KNOWN_END false --FLOW_EFFECTIVE_QUALITY_THRESHOLD 15 --ADD_PG_TAG_TO_READS true --REMOVE_DUPLICATES false --DUPLICATE_SCORING_STRATEGY SUM_OF_BASE_QUALITIES --PROGRAM_RECORD_ID MarkDuplicates --PROGRAM_GROUP_NAME MarkDuplicates --READ_NAME_REGEX <optimized capture of last three ':' separated fields as numeric values> --OPTICAL_DUPLICATE_PIXEL_DISTANCE 100 --MAX_OPTICAL_DUPLICATE_SET_SIZE 300000 --VERBOSITY INFO --QUIET false --COMPRESSION_LEVEL 5 --MAX_RECORDS_IN_RAM 500000 --CREATE_MD5_FILE false --help false --version false --showHidden false --USE_JDK_DEFLATER false --USE_JDK_INFLATER false
  [Thu Oct 09 23:47:03 GMT 2025] Executing as marcus@mjv-hp on Linux 5.14.0-539.el9.x86_64 amd64; OpenJDK 64-Bit Server VM 23.0.2-internal-adhoc.conda.src; Deflater: Intel; Inflater: Intel; Provider GCS is available; Picard version: Version:3.4.0
  INFO	2025-10-09 23:47:03	MarkDuplicates	Start of doWork freeMemory: 299180584; totalMemory: 310378496; maxMemory: 12884901888
  INFO	2025-10-09 23:47:03	MarkDuplicates	Reading input file and constructing read end information.
  INFO	2025-10-09 23:47:03	MarkDuplicates	Will retain up to 46684427 data points before spilling to disk.
  WARNING	2025-10-09 23:47:03	SamFiles	The index file /home/marcus/pipelines/methyltna/work/be/c9f20c344e1586b29610e6040a06c3/Ca3-RNA-NNSR_09Z_unbarcoded.bam.bai was found by resolving the canonical path of a symlink: Ca3-RNA-NNSR_09Z_unbarcoded.bam -> /home/marcus/pipelines/methyltna/work/be/c9f20c344e1586b29610e6040a06c3/Ca3-RNA-NNSR_09Z_unbarcoded.bam
  [Thu Oct 09 23:47:03 GMT 2025] picard.sam.markduplicates.MarkDuplicates done. Elapsed time: 0.01 minutes.
  Runtime.totalMemory()=813694976
  To get help, see http://broadinstitute.github.io/picard/index.html#GettingHelp
  Exception in thread "main" java.lang.NullPointerException: Cannot invoke "htsjdk.samtools.SAMReadGroupRecord.getReadGroupId()" because the return value of "htsjdk.samtools.SAMRecord.getReadGroup()" is null
  	at picard.sam.markduplicates.MarkDuplicates.buildSortedReadEndLists(MarkDuplicates.java:558)
  	at picard.sam.markduplicates.MarkDuplicates.doWork(MarkDuplicates.java:270)
  	at picard.cmdline.CommandLineProgram.instanceMain(CommandLineProgram.java:281)
  	at picard.cmdline.PicardCommandLine.instanceMain(PicardCommandLine.java:105)
  	at picard.cmdline.PicardCommandLine.main(PicardCommandLine.java:115)

Work dir:
  /home/marcus/pipelines/methyltna/work/18/6b2c719a9eda38a1e713d51eef4e39

Container:
  /home/marcus/.singularity/cache/community-cr-prod.seqera.io-docker-registry-v2-blobs-sha256-08-0861295baa7c01fc593a9da94e82b44a729dcaf8da92be8e565da109aa549b25-data.img

Tip: you can try to figure out what's wrong by changing to the process work dir and showing the script file named `.command.sh`

 -- Check '.nextflow.log' file for details
ERROR ~ Pipeline failed. Please refer to troubleshooting docs: https://nf-co.re/docs/usage/troubleshooting

 -- Check '.nextflow.log' file for details

executor >  local (21)
[54/57fc5b] MOT…:FASTQC (Ca3-TNA-NNSR_09N) | 3 of 3 ✔
[7b/1973fe] MOT…MGALORE (Ca3-TNA-NNSR_09N) | 3 of 3 ✔
[95/86c81d] MOT…(Ca3-TNA-NNSR_09N_trimmed) | 3 of 3 ✔
[69/e6a106] MOT…RACTION (Ca3-TNA-NNSR_09N) | 3 of 3 ✔
[58/193512] MOT…Y (RNA barcode statistics) | 1 of 1 ✔
[c8/fa0ccd] MOT…Ca3-TNA-NNSR_09N_barcoded) | 1 of 3
[-        ] MOT…NA:METHYLTNA:SAMTOOLS_VIEW -
[-        ] MOT…NA:METHYLTNA:SAMTOOLS_SORT -
[-        ] MOT…LTNA:SUBREAD_FEATURECOUNTS -
[-        ] MOT…:LOFREQ_RNA:SAMTOOLS_INDEX -
[-        ] MOT…FREQ_RNA:SAMTOOLS_IDXSTATS -
[-        ] MOT…FREQ_RNA:SAMTOOLS_FLAGSTAT -
[-        ] MOT…EQ_RNA:LOFREQ_CALLPARALLEL -
[-        ] MOT…A:METHYLTNA:LOFREQ_SUMMARY -
[11/545ada] MOT…N (Ca3-DNA_09B_unbarcoded) | 3 of 3 ✔
[16/d7dbfe] MOT…3-TNA-NNSR_09N_unbarcoded) | 0 of 2
[-        ] MOT…ETHYLTNA:SAMTOOLS_FLAGSTAT -
[-        ] MOT…ETHYLTNA:SAMTOOLS_IDXSTATS -
[-        ] MOT…A:METHYLTNA:BISCUIT_PILEUP -
[-        ] MOT…YLTNA:METHYLTNA:BISCUIT_QC -
Plus 2 more processes waiting for tasks…

ERROR ~ Error executing process > 'MOTLEYBIOORGANIZATION_METHYLTNA:METHYLTNA:PICARD_MARKDUPLICATES (Ca3-RNA-NNSR_09Z_unbarcoded)'

Caused by:
  Process `MOTLEYBIOORGANIZATION_METHYLTNA:METHYLTNA:PICARD_MARKDUPLICATES (Ca3-RNA-NNSR_09Z_unbarcoded)` terminated with an error exit status (1)


Command executed:

  picard \
      -Xmx12288M \
      MarkDuplicates \
      --ASSUME_SORTED true --VALIDATION_STRINGENCY LENIENT --CREATE_INDEX true \
      --INPUT Ca3-RNA-NNSR_09Z_unbarcoded.bam \
      --OUTPUT Ca3-RNA-NNSR_09Z_unbarcoded.dedup.bam \
       \
      --METRICS_FILE Ca3-RNA-NNSR_09Z_unbarcoded.dedup.MarkDuplicates.metrics.txt
  
  cat <<-END_VERSIONS > versions.yml
  "MOTLEYBIOORGANIZATION_METHYLTNA:METHYLTNA:PICARD_MARKDUPLICATES":
      picard: $(echo $(picard MarkDuplicates --version 2>&1) | grep -o 'Version:.*' | cut -f2- -d:)
  END_VERSIONS

Command exit status:
  1

Command output:
  (empty)

Command error:
  INFO:    Environment variable SINGULARITYENV_NXF_TASK_WORKDIR is set, but APPTAINERENV_NXF_TASK_WORKDIR is preferred
  INFO:    Environment variable SINGULARITYENV_NXF_DEBUG is set, but APPTAINERENV_NXF_DEBUG is preferred
  /opt/conda/bin/picard: line 5: warning: setlocale: LC_ALL: cannot change locale (en_US.UTF-8): No such file or directory
  23:47:03.556 INFO  NativeLibraryLoader - Loading libgkl_compression.so from jar:file:/opt/conda/share/picard-3.4.0-0/picard.jar!/com/intel/gkl/native/libgkl_compression.so
  [Thu Oct 09 23:47:03 GMT 2025] MarkDuplicates --INPUT Ca3-RNA-NNSR_09Z_unbarcoded.bam --OUTPUT Ca3-RNA-NNSR_09Z_unbarcoded.dedup.bam --METRICS_FILE Ca3-RNA-NNSR_09Z_unbarcoded.dedup.MarkDuplicates.metrics.txt --ASSUME_SORTED true --VALIDATION_STRINGENCY LENIENT --CREATE_INDEX true --MAX_SEQUENCES_FOR_DISK_READ_ENDS_MAP 50000 --MAX_FILE_HANDLES_FOR_READ_ENDS_MAP 8000 --SORTING_COLLECTION_SIZE_RATIO 0.25 --TAG_DUPLICATE_SET_MEMBERS false --REMOVE_SEQUENCING_DUPLICATES false --TAGGING_POLICY DontTag --CLEAR_DT true --DUPLEX_UMI false --FLOW_MODE false --FLOW_DUP_STRATEGY FLOW_QUALITY_SUM_STRATEGY --FLOW_USE_END_IN_UNPAIRED_READS false --FLOW_USE_UNPAIRED_CLIPPED_END false --FLOW_UNPAIRED_END_UNCERTAINTY 0 --FLOW_UNPAIRED_START_UNCERTAINTY 0 --FLOW_SKIP_FIRST_N_FLOWS 0 --FLOW_Q_IS_KNOWN_END false --FLOW_EFFECTIVE_QUALITY_THRESHOLD 15 --ADD_PG_TAG_TO_READS true --REMOVE_DUPLICATES false --DUPLICATE_SCORING_STRATEGY SUM_OF_BASE_QUALITIES --PROGRAM_RECORD_ID MarkDuplicates --PROGRAM_GROUP_NAME MarkDuplicates --READ_NAME_REGEX <optimized capture of last three ':' separated fields as numeric values> --OPTICAL_DUPLICATE_PIXEL_DISTANCE 100 --MAX_OPTICAL_DUPLICATE_SET_SIZE 300000 --VERBOSITY INFO --QUIET false --COMPRESSION_LEVEL 5 --MAX_RECORDS_IN_RAM 500000 --CREATE_MD5_FILE false --help false --version false --showHidden false --USE_JDK_DEFLATER false --USE_JDK_INFLATER false
  [Thu Oct 09 23:47:03 GMT 2025] Executing as marcus@mjv-hp on Linux 5.14.0-539.el9.x86_64 amd64; OpenJDK 64-Bit Server VM 23.0.2-internal-adhoc.conda.src; Deflater: Intel; Inflater: Intel; Provider GCS is available; Picard version: Version:3.4.0
  INFO	2025-10-09 23:47:03	MarkDuplicates	Start of doWork freeMemory: 299180584; totalMemory: 310378496; maxMemory: 12884901888
  INFO	2025-10-09 23:47:03	MarkDuplicates	Reading input file and constructing read end information.
  INFO	2025-10-09 23:47:03	MarkDuplicates	Will retain up to 46684427 data points before spilling to disk.
  WARNING	2025-10-09 23:47:03	SamFiles	The index file /home/marcus/pipelines/methyltna/work/be/c9f20c344e1586b29610e6040a06c3/Ca3-RNA-NNSR_09Z_unbarcoded.bam.bai was found by resolving the canonical path of a symlink: Ca3-RNA-NNSR_09Z_unbarcoded.bam -> /home/marcus/pipelines/methyltna/work/be/c9f20c344e1586b29610e6040a06c3/Ca3-RNA-NNSR_09Z_unbarcoded.bam
  [Thu Oct 09 23:47:03 GMT 2025] picard.sam.markduplicates.MarkDuplicates done. Elapsed time: 0.01 minutes.
  Runtime.totalMemory()=813694976
  To get help, see http://broadinstitute.github.io/picard/index.html#GettingHelp
  Exception in thread "main" java.lang.NullPointerException: Cannot invoke "htsjdk.samtools.SAMReadGroupRecord.getReadGroupId()" because the return value of "htsjdk.samtools.SAMRecord.getReadGroup()" is null
  	at picard.sam.markduplicates.MarkDuplicates.buildSortedReadEndLists(MarkDuplicates.java:558)
  	at picard.sam.markduplicates.MarkDuplicates.doWork(MarkDuplicates.java:270)
  	at picard.cmdline.CommandLineProgram.instanceMain(CommandLineProgram.java:281)
  	at picard.cmdline.PicardCommandLine.instanceMain(PicardCommandLine.java:105)
  	at picard.cmdline.PicardCommandLine.main(PicardCommandLine.java:115)

Work dir:
  /home/marcus/pipelines/methyltna/work/18/6b2c719a9eda38a1e713d51eef4e39

Container:
  /home/marcus/.singularity/cache/community-cr-prod.seqera.io-docker-registry-v2-blobs-sha256-08-0861295baa7c01fc593a9da94e82b44a729dcaf8da92be8e565da109aa549b25-data.img

Tip: you can try to figure out what's wrong by changing to the process work dir and showing the script file named `.command.sh`

 -- Check '.nextflow.log' file for details
ERROR ~ Pipeline failed. Please refer to troubleshooting docs: https://nf-co.re/docs/usage/troubleshooting

 -- Check '.nextflow.log' file for details

executor >  local (21)
[54/57fc5b] MOT…:FASTQC (Ca3-TNA-NNSR_09N) | 3 of 3 ✔
[7b/1973fe] MOT…MGALORE (Ca3-TNA-NNSR_09N) | 3 of 3 ✔
[95/86c81d] MOT…(Ca3-TNA-NNSR_09N_trimmed) | 3 of 3 ✔
[69/e6a106] MOT…RACTION (Ca3-TNA-NNSR_09N) | 3 of 3 ✔
[58/193512] MOT…Y (RNA barcode statistics) | 1 of 1 ✔
[2f/813925] MOT…IGN (Ca3-DNA_09B_barcoded) | 2 of 3
[-        ] MOT…NA:METHYLTNA:SAMTOOLS_VIEW -
[-        ] MOT…NA:METHYLTNA:SAMTOOLS_SORT -
[-        ] MOT…LTNA:SUBREAD_FEATURECOUNTS -
[-        ] MOT…:LOFREQ_RNA:SAMTOOLS_INDEX -
[-        ] MOT…FREQ_RNA:SAMTOOLS_IDXSTATS -
[-        ] MOT…FREQ_RNA:SAMTOOLS_FLAGSTAT -
[-        ] MOT…EQ_RNA:LOFREQ_CALLPARALLEL -
[-        ] MOT…A:METHYLTNA:LOFREQ_SUMMARY -
[11/545ada] MOT…N (Ca3-DNA_09B_unbarcoded) | 3 of 3 ✔
[16/d7dbfe] MOT…3-TNA-NNSR_09N_unbarcoded) | 0 of 2
[-        ] MOT…ETHYLTNA:SAMTOOLS_FLAGSTAT -
[-        ] MOT…ETHYLTNA:SAMTOOLS_IDXSTATS -
[-        ] MOT…A:METHYLTNA:BISCUIT_PILEUP -
[-        ] MOT…YLTNA:METHYLTNA:BISCUIT_QC -
Plus 2 more processes waiting for tasks…
ERROR ~ Error executing process > 'MOTLEYBIOORGANIZATION_METHYLTNA:METHYLTNA:PICARD_MARKDUPLICATES (Ca3-RNA-NNSR_09Z_unbarcoded)'

Caused by:
  Process `MOTLEYBIOORGANIZATION_METHYLTNA:METHYLTNA:PICARD_MARKDUPLICATES (Ca3-RNA-NNSR_09Z_unbarcoded)` terminated with an error exit status (1)


Command executed:

  picard \
      -Xmx12288M \
      MarkDuplicates \
      --ASSUME_SORTED true --VALIDATION_STRINGENCY LENIENT --CREATE_INDEX true \
      --INPUT Ca3-RNA-NNSR_09Z_unbarcoded.bam \
      --OUTPUT Ca3-RNA-NNSR_09Z_unbarcoded.dedup.bam \
       \
      --METRICS_FILE Ca3-RNA-NNSR_09Z_unbarcoded.dedup.MarkDuplicates.metrics.txt
  
  cat <<-END_VERSIONS > versions.yml
  "MOTLEYBIOORGANIZATION_METHYLTNA:METHYLTNA:PICARD_MARKDUPLICATES":
      picard: $(echo $(picard MarkDuplicates --version 2>&1) | grep -o 'Version:.*' | cut -f2- -d:)
  END_VERSIONS

Command exit status:
  1

Command output:
  (empty)

Command error:
  INFO:    Environment variable SINGULARITYENV_NXF_TASK_WORKDIR is set, but APPTAINERENV_NXF_TASK_WORKDIR is preferred
  INFO:    Environment variable SINGULARITYENV_NXF_DEBUG is set, but APPTAINERENV_NXF_DEBUG is preferred
  /opt/conda/bin/picard: line 5: warning: setlocale: LC_ALL: cannot change locale (en_US.UTF-8): No such file or directory
  23:47:03.556 INFO  NativeLibraryLoader - Loading libgkl_compression.so from jar:file:/opt/conda/share/picard-3.4.0-0/picard.jar!/com/intel/gkl/native/libgkl_compression.so
  [Thu Oct 09 23:47:03 GMT 2025] MarkDuplicates --INPUT Ca3-RNA-NNSR_09Z_unbarcoded.bam --OUTPUT Ca3-RNA-NNSR_09Z_unbarcoded.dedup.bam --METRICS_FILE Ca3-RNA-NNSR_09Z_unbarcoded.dedup.MarkDuplicates.metrics.txt --ASSUME_SORTED true --VALIDATION_STRINGENCY LENIENT --CREATE_INDEX true --MAX_SEQUENCES_FOR_DISK_READ_ENDS_MAP 50000 --MAX_FILE_HANDLES_FOR_READ_ENDS_MAP 8000 --SORTING_COLLECTION_SIZE_RATIO 0.25 --TAG_DUPLICATE_SET_MEMBERS false --REMOVE_SEQUENCING_DUPLICATES false --TAGGING_POLICY DontTag --CLEAR_DT true --DUPLEX_UMI false --FLOW_MODE false --FLOW_DUP_STRATEGY FLOW_QUALITY_SUM_STRATEGY --FLOW_USE_END_IN_UNPAIRED_READS false --FLOW_USE_UNPAIRED_CLIPPED_END false --FLOW_UNPAIRED_END_UNCERTAINTY 0 --FLOW_UNPAIRED_START_UNCERTAINTY 0 --FLOW_SKIP_FIRST_N_FLOWS 0 --FLOW_Q_IS_KNOWN_END false --FLOW_EFFECTIVE_QUALITY_THRESHOLD 15 --ADD_PG_TAG_TO_READS true --REMOVE_DUPLICATES false --DUPLICATE_SCORING_STRATEGY SUM_OF_BASE_QUALITIES --PROGRAM_RECORD_ID MarkDuplicates --PROGRAM_GROUP_NAME MarkDuplicates --READ_NAME_REGEX <optimized capture of last three ':' separated fields as numeric values> --OPTICAL_DUPLICATE_PIXEL_DISTANCE 100 --MAX_OPTICAL_DUPLICATE_SET_SIZE 300000 --VERBOSITY INFO --QUIET false --COMPRESSION_LEVEL 5 --MAX_RECORDS_IN_RAM 500000 --CREATE_MD5_FILE false --help false --version false --showHidden false --USE_JDK_DEFLATER false --USE_JDK_INFLATER false
  [Thu Oct 09 23:47:03 GMT 2025] Executing as marcus@mjv-hp on Linux 5.14.0-539.el9.x86_64 amd64; OpenJDK 64-Bit Server VM 23.0.2-internal-adhoc.conda.src; Deflater: Intel; Inflater: Intel; Provider GCS is available; Picard version: Version:3.4.0
  INFO	2025-10-09 23:47:03	MarkDuplicates	Start of doWork freeMemory: 299180584; totalMemory: 310378496; maxMemory: 12884901888
  INFO	2025-10-09 23:47:03	MarkDuplicates	Reading input file and constructing read end information.
  INFO	2025-10-09 23:47:03	MarkDuplicates	Will retain up to 46684427 data points before spilling to disk.
  WARNING	2025-10-09 23:47:03	SamFiles	The index file /home/marcus/pipelines/methyltna/work/be/c9f20c344e1586b29610e6040a06c3/Ca3-RNA-NNSR_09Z_unbarcoded.bam.bai was found by resolving the canonical path of a symlink: Ca3-RNA-NNSR_09Z_unbarcoded.bam -> /home/marcus/pipelines/methyltna/work/be/c9f20c344e1586b29610e6040a06c3/Ca3-RNA-NNSR_09Z_unbarcoded.bam
  [Thu Oct 09 23:47:03 GMT 2025] picard.sam.markduplicates.MarkDuplicates done. Elapsed time: 0.01 minutes.
  Runtime.totalMemory()=813694976
  To get help, see http://broadinstitute.github.io/picard/index.html#GettingHelp
  Exception in thread "main" java.lang.NullPointerException: Cannot invoke "htsjdk.samtools.SAMReadGroupRecord.getReadGroupId()" because the return value of "htsjdk.samtools.SAMRecord.getReadGroup()" is null
  	at picard.sam.markduplicates.MarkDuplicates.buildSortedReadEndLists(MarkDuplicates.java:558)
  	at picard.sam.markduplicates.MarkDuplicates.doWork(MarkDuplicates.java:270)
  	at picard.cmdline.CommandLineProgram.instanceMain(CommandLineProgram.java:281)
  	at picard.cmdline.PicardCommandLine.instanceMain(PicardCommandLine.java:105)
  	at picard.cmdline.PicardCommandLine.main(PicardCommandLine.java:115)

Work dir:
  /home/marcus/pipelines/methyltna/work/18/6b2c719a9eda38a1e713d51eef4e39

Container:
  /home/marcus/.singularity/cache/community-cr-prod.seqera.io-docker-registry-v2-blobs-sha256-08-0861295baa7c01fc593a9da94e82b44a729dcaf8da92be8e565da109aa549b25-data.img

Tip: you can try to figure out what's wrong by changing to the process work dir and showing the script file named `.command.sh`

 -- Check '.nextflow.log' file for details
ERROR ~ Pipeline failed. Please refer to troubleshooting docs: https://nf-co.re/docs/usage/troubleshooting

 -- Check '.nextflow.log' file for details


executor >  local (21)
[54/57fc5b] MOT…:FASTQC (Ca3-TNA-NNSR_09N) | 3 of 3 ✔
[7b/1973fe] MOT…MGALORE (Ca3-TNA-NNSR_09N) | 3 of 3 ✔
[95/86c81d] MOT…(Ca3-TNA-NNSR_09N_trimmed) | 3 of 3 ✔
[69/e6a106] MOT…RACTION (Ca3-TNA-NNSR_09N) | 3 of 3 ✔
[58/193512] MOT…Y (RNA barcode statistics) | 1 of 1 ✔
[e5/25dce0] MOT…Ca3-RNA-NNSR_09Z_barcoded) | 3 of 3 ✔
[-        ] MOT…NA:METHYLTNA:SAMTOOLS_VIEW -
[-        ] MOT…NA:METHYLTNA:SAMTOOLS_SORT -
[-        ] MOT…LTNA:SUBREAD_FEATURECOUNTS -
[-        ] MOT…:LOFREQ_RNA:SAMTOOLS_INDEX -
[-        ] MOT…FREQ_RNA:SAMTOOLS_IDXSTATS -
[-        ] MOT…FREQ_RNA:SAMTOOLS_FLAGSTAT -
[-        ] MOT…EQ_RNA:LOFREQ_CALLPARALLEL -
[-        ] MOT…A:METHYLTNA:LOFREQ_SUMMARY -
[11/545ada] MOT…N (Ca3-DNA_09B_unbarcoded) | 3 of 3 ✔
[16/d7dbfe] MOT…3-TNA-NNSR_09N_unbarcoded) | 0 of 2
[-        ] MOT…ETHYLTNA:SAMTOOLS_FLAGSTAT -
[-        ] MOT…ETHYLTNA:SAMTOOLS_IDXSTATS -
[-        ] MOT…A:METHYLTNA:BISCUIT_PILEUP -
[-        ] MOT…YLTNA:METHYLTNA:BISCUIT_QC -
Plus 2 more processes waiting for tasks…
-[Motleybio-organization/modulestesting] Pipeline completed with errors-
ERROR ~ Error executing process > 'MOTLEYBIOORGANIZATION_METHYLTNA:METHYLTNA:PICARD_MARKDUPLICATES (Ca3-RNA-NNSR_09Z_unbarcoded)'

Caused by:
  Process `MOTLEYBIOORGANIZATION_METHYLTNA:METHYLTNA:PICARD_MARKDUPLICATES (Ca3-RNA-NNSR_09Z_unbarcoded)` terminated with an error exit status (1)


Command executed:

  picard \
      -Xmx12288M \
      MarkDuplicates \
      --ASSUME_SORTED true --VALIDATION_STRINGENCY LENIENT --CREATE_INDEX true \
      --INPUT Ca3-RNA-NNSR_09Z_unbarcoded.bam \
      --OUTPUT Ca3-RNA-NNSR_09Z_unbarcoded.dedup.bam \
       \
      --METRICS_FILE Ca3-RNA-NNSR_09Z_unbarcoded.dedup.MarkDuplicates.metrics.txt
  
  cat <<-END_VERSIONS > versions.yml
  "MOTLEYBIOORGANIZATION_METHYLTNA:METHYLTNA:PICARD_MARKDUPLICATES":
      picard: $(echo $(picard MarkDuplicates --version 2>&1) | grep -o 'Version:.*' | cut -f2- -d:)
  END_VERSIONS

Command exit status:
  1

Command output:
  (empty)

Command error:
  INFO:    Environment variable SINGULARITYENV_NXF_TASK_WORKDIR is set, but APPTAINERENV_NXF_TASK_WORKDIR is preferred
  INFO:    Environment variable SINGULARITYENV_NXF_DEBUG is set, but APPTAINERENV_NXF_DEBUG is preferred
  /opt/conda/bin/picard: line 5: warning: setlocale: LC_ALL: cannot change locale (en_US.UTF-8): No such file or directory
  23:47:03.556 INFO  NativeLibraryLoader - Loading libgkl_compression.so from jar:file:/opt/conda/share/picard-3.4.0-0/picard.jar!/com/intel/gkl/native/libgkl_compression.so
  [Thu Oct 09 23:47:03 GMT 2025] MarkDuplicates --INPUT Ca3-RNA-NNSR_09Z_unbarcoded.bam --OUTPUT Ca3-RNA-NNSR_09Z_unbarcoded.dedup.bam --METRICS_FILE Ca3-RNA-NNSR_09Z_unbarcoded.dedup.MarkDuplicates.metrics.txt --ASSUME_SORTED true --VALIDATION_STRINGENCY LENIENT --CREATE_INDEX true --MAX_SEQUENCES_FOR_DISK_READ_ENDS_MAP 50000 --MAX_FILE_HANDLES_FOR_READ_ENDS_MAP 8000 --SORTING_COLLECTION_SIZE_RATIO 0.25 --TAG_DUPLICATE_SET_MEMBERS false --REMOVE_SEQUENCING_DUPLICATES false --TAGGING_POLICY DontTag --CLEAR_DT true --DUPLEX_UMI false --FLOW_MODE false --FLOW_DUP_STRATEGY FLOW_QUALITY_SUM_STRATEGY --FLOW_USE_END_IN_UNPAIRED_READS false --FLOW_USE_UNPAIRED_CLIPPED_END false --FLOW_UNPAIRED_END_UNCERTAINTY 0 --FLOW_UNPAIRED_START_UNCERTAINTY 0 --FLOW_SKIP_FIRST_N_FLOWS 0 --FLOW_Q_IS_KNOWN_END false --FLOW_EFFECTIVE_QUALITY_THRESHOLD 15 --ADD_PG_TAG_TO_READS true --REMOVE_DUPLICATES false --DUPLICATE_SCORING_STRATEGY SUM_OF_BASE_QUALITIES --PROGRAM_RECORD_ID MarkDuplicates --PROGRAM_GROUP_NAME MarkDuplicates --READ_NAME_REGEX <optimized capture of last three ':' separated fields as numeric values> --OPTICAL_DUPLICATE_PIXEL_DISTANCE 100 --MAX_OPTICAL_DUPLICATE_SET_SIZE 300000 --VERBOSITY INFO --QUIET false --COMPRESSION_LEVEL 5 --MAX_RECORDS_IN_RAM 500000 --CREATE_MD5_FILE false --help false --version false --showHidden false --USE_JDK_DEFLATER false --USE_JDK_INFLATER false
  [Thu Oct 09 23:47:03 GMT 2025] Executing as marcus@mjv-hp on Linux 5.14.0-539.el9.x86_64 amd64; OpenJDK 64-Bit Server VM 23.0.2-internal-adhoc.conda.src; Deflater: Intel; Inflater: Intel; Provider GCS is available; Picard version: Version:3.4.0
  INFO	2025-10-09 23:47:03	MarkDuplicates	Start of doWork freeMemory: 299180584; totalMemory: 310378496; maxMemory: 12884901888
  INFO	2025-10-09 23:47:03	MarkDuplicates	Reading input file and constructing read end information.
  INFO	2025-10-09 23:47:03	MarkDuplicates	Will retain up to 46684427 data points before spilling to disk.
  WARNING	2025-10-09 23:47:03	SamFiles	The index file /home/marcus/pipelines/methyltna/work/be/c9f20c344e1586b29610e6040a06c3/Ca3-RNA-NNSR_09Z_unbarcoded.bam.bai was found by resolving the canonical path of a symlink: Ca3-RNA-NNSR_09Z_unbarcoded.bam -> /home/marcus/pipelines/methyltna/work/be/c9f20c344e1586b29610e6040a06c3/Ca3-RNA-NNSR_09Z_unbarcoded.bam
  [Thu Oct 09 23:47:03 GMT 2025] picard.sam.markduplicates.MarkDuplicates done. Elapsed time: 0.01 minutes.
  Runtime.totalMemory()=813694976
  To get help, see http://broadinstitute.github.io/picard/index.html#GettingHelp
  Exception in thread "main" java.lang.NullPointerException: Cannot invoke "htsjdk.samtools.SAMReadGroupRecord.getReadGroupId()" because the return value of "htsjdk.samtools.SAMRecord.getReadGroup()" is null
  	at picard.sam.markduplicates.MarkDuplicates.buildSortedReadEndLists(MarkDuplicates.java:558)
  	at picard.sam.markduplicates.MarkDuplicates.doWork(MarkDuplicates.java:270)
  	at picard.cmdline.CommandLineProgram.instanceMain(CommandLineProgram.java:281)
  	at picard.cmdline.PicardCommandLine.instanceMain(PicardCommandLine.java:105)
  	at picard.cmdline.PicardCommandLine.main(PicardCommandLine.java:115)

Work dir:
  /home/marcus/pipelines/methyltna/work/18/6b2c719a9eda38a1e713d51eef4e39

Container:
  /home/marcus/.singularity/cache/community-cr-prod.seqera.io-docker-registry-v2-blobs-sha256-08-0861295baa7c01fc593a9da94e82b44a729dcaf8da92be8e565da109aa549b25-data.img

Tip: you can try to figure out what's wrong by changing to the process work dir and showing the script file named `.command.sh`

 -- Check '.nextflow.log' file for details
ERROR ~ Pipeline failed. Please refer to troubleshooting docs: https://nf-co.re/docs/usage/troubleshooting

 -- Check '.nextflow.log' file for details

executor >  local (21)
[54/57fc5b] MOT…:FASTQC (Ca3-TNA-NNSR_09N) | 3 of 3 ✔
[7b/1973fe] MOT…MGALORE (Ca3-TNA-NNSR_09N) | 3 of 3 ✔
[95/86c81d] MOT…(Ca3-TNA-NNSR_09N_trimmed) | 3 of 3 ✔
[69/e6a106] MOT…RACTION (Ca3-TNA-NNSR_09N) | 3 of 3 ✔
[58/193512] MOT…Y (RNA barcode statistics) | 1 of 1 ✔
[e5/25dce0] MOT…Ca3-RNA-NNSR_09Z_barcoded) | 3 of 3 ✔
[-        ] MOT…NA:METHYLTNA:SAMTOOLS_VIEW -
[-        ] MOT…NA:METHYLTNA:SAMTOOLS_SORT -
[-        ] MOT…LTNA:SUBREAD_FEATURECOUNTS -
[-        ] MOT…:LOFREQ_RNA:SAMTOOLS_INDEX -
[-        ] MOT…FREQ_RNA:SAMTOOLS_IDXSTATS -
[-        ] MOT…FREQ_RNA:SAMTOOLS_FLAGSTAT -
[-        ] MOT…EQ_RNA:LOFREQ_CALLPARALLEL -
[-        ] MOT…A:METHYLTNA:LOFREQ_SUMMARY -
[11/545ada] MOT…N (Ca3-DNA_09B_unbarcoded) | 3 of 3 ✔
[16/d7dbfe] MOT…3-TNA-NNSR_09N_unbarcoded) | 0 of 2
[-        ] MOT…ETHYLTNA:SAMTOOLS_FLAGSTAT -
[-        ] MOT…ETHYLTNA:SAMTOOLS_IDXSTATS -
[-        ] MOT…A:METHYLTNA:BISCUIT_PILEUP -
[-        ] MOT…YLTNA:METHYLTNA:BISCUIT_QC -
Plus 2 more processes waiting for tasks…
-[Motleybio-organization/modulestesting] Pipeline completed with errors-
ERROR ~ Error executing process > 'MOTLEYBIOORGANIZATION_METHYLTNA:METHYLTNA:PICARD_MARKDUPLICATES (Ca3-RNA-NNSR_09Z_unbarcoded)'

Caused by:
  Process `MOTLEYBIOORGANIZATION_METHYLTNA:METHYLTNA:PICARD_MARKDUPLICATES (Ca3-RNA-NNSR_09Z_unbarcoded)` terminated with an error exit status (1)


Command executed:

  picard \
      -Xmx12288M \
      MarkDuplicates \
      --ASSUME_SORTED true --VALIDATION_STRINGENCY LENIENT --CREATE_INDEX true \
      --INPUT Ca3-RNA-NNSR_09Z_unbarcoded.bam \
      --OUTPUT Ca3-RNA-NNSR_09Z_unbarcoded.dedup.bam \
       \
      --METRICS_FILE Ca3-RNA-NNSR_09Z_unbarcoded.dedup.MarkDuplicates.metrics.txt
  
  cat <<-END_VERSIONS > versions.yml
  "MOTLEYBIOORGANIZATION_METHYLTNA:METHYLTNA:PICARD_MARKDUPLICATES":
      picard: $(echo $(picard MarkDuplicates --version 2>&1) | grep -o 'Version:.*' | cut -f2- -d:)
  END_VERSIONS

Command exit status:
  1

Command output:
  (empty)

Command error:
  INFO:    Environment variable SINGULARITYENV_NXF_TASK_WORKDIR is set, but APPTAINERENV_NXF_TASK_WORKDIR is preferred
  INFO:    Environment variable SINGULARITYENV_NXF_DEBUG is set, but APPTAINERENV_NXF_DEBUG is preferred
  /opt/conda/bin/picard: line 5: warning: setlocale: LC_ALL: cannot change locale (en_US.UTF-8): No such file or directory
  23:47:03.556 INFO  NativeLibraryLoader - Loading libgkl_compression.so from jar:file:/opt/conda/share/picard-3.4.0-0/picard.jar!/com/intel/gkl/native/libgkl_compression.so
  [Thu Oct 09 23:47:03 GMT 2025] MarkDuplicates --INPUT Ca3-RNA-NNSR_09Z_unbarcoded.bam --OUTPUT Ca3-RNA-NNSR_09Z_unbarcoded.dedup.bam --METRICS_FILE Ca3-RNA-NNSR_09Z_unbarcoded.dedup.MarkDuplicates.metrics.txt --ASSUME_SORTED true --VALIDATION_STRINGENCY LENIENT --CREATE_INDEX true --MAX_SEQUENCES_FOR_DISK_READ_ENDS_MAP 50000 --MAX_FILE_HANDLES_FOR_READ_ENDS_MAP 8000 --SORTING_COLLECTION_SIZE_RATIO 0.25 --TAG_DUPLICATE_SET_MEMBERS false --REMOVE_SEQUENCING_DUPLICATES false --TAGGING_POLICY DontTag --CLEAR_DT true --DUPLEX_UMI false --FLOW_MODE false --FLOW_DUP_STRATEGY FLOW_QUALITY_SUM_STRATEGY --FLOW_USE_END_IN_UNPAIRED_READS false --FLOW_USE_UNPAIRED_CLIPPED_END false --FLOW_UNPAIRED_END_UNCERTAINTY 0 --FLOW_UNPAIRED_START_UNCERTAINTY 0 --FLOW_SKIP_FIRST_N_FLOWS 0 --FLOW_Q_IS_KNOWN_END false --FLOW_EFFECTIVE_QUALITY_THRESHOLD 15 --ADD_PG_TAG_TO_READS true --REMOVE_DUPLICATES false --DUPLICATE_SCORING_STRATEGY SUM_OF_BASE_QUALITIES --PROGRAM_RECORD_ID MarkDuplicates --PROGRAM_GROUP_NAME MarkDuplicates --READ_NAME_REGEX <optimized capture of last three ':' separated fields as numeric values> --OPTICAL_DUPLICATE_PIXEL_DISTANCE 100 --MAX_OPTICAL_DUPLICATE_SET_SIZE 300000 --VERBOSITY INFO --QUIET false --COMPRESSION_LEVEL 5 --MAX_RECORDS_IN_RAM 500000 --CREATE_MD5_FILE false --help false --version false --showHidden false --USE_JDK_DEFLATER false --USE_JDK_INFLATER false
  [Thu Oct 09 23:47:03 GMT 2025] Executing as marcus@mjv-hp on Linux 5.14.0-539.el9.x86_64 amd64; OpenJDK 64-Bit Server VM 23.0.2-internal-adhoc.conda.src; Deflater: Intel; Inflater: Intel; Provider GCS is available; Picard version: Version:3.4.0
  INFO	2025-10-09 23:47:03	MarkDuplicates	Start of doWork freeMemory: 299180584; totalMemory: 310378496; maxMemory: 12884901888
  INFO	2025-10-09 23:47:03	MarkDuplicates	Reading input file and constructing read end information.
  INFO	2025-10-09 23:47:03	MarkDuplicates	Will retain up to 46684427 data points before spilling to disk.
  WARNING	2025-10-09 23:47:03	SamFiles	The index file /home/marcus/pipelines/methyltna/work/be/c9f20c344e1586b29610e6040a06c3/Ca3-RNA-NNSR_09Z_unbarcoded.bam.bai was found by resolving the canonical path of a symlink: Ca3-RNA-NNSR_09Z_unbarcoded.bam -> /home/marcus/pipelines/methyltna/work/be/c9f20c344e1586b29610e6040a06c3/Ca3-RNA-NNSR_09Z_unbarcoded.bam
  [Thu Oct 09 23:47:03 GMT 2025] picard.sam.markduplicates.MarkDuplicates done. Elapsed time: 0.01 minutes.
  Runtime.totalMemory()=813694976
  To get help, see http://broadinstitute.github.io/picard/index.html#GettingHelp
  Exception in thread "main" java.lang.NullPointerException: Cannot invoke "htsjdk.samtools.SAMReadGroupRecord.getReadGroupId()" because the return value of "htsjdk.samtools.SAMRecord.getReadGroup()" is null
  	at picard.sam.markduplicates.MarkDuplicates.buildSortedReadEndLists(MarkDuplicates.java:558)
  	at picard.sam.markduplicates.MarkDuplicates.doWork(MarkDuplicates.java:270)
  	at picard.cmdline.CommandLineProgram.instanceMain(CommandLineProgram.java:281)
  	at picard.cmdline.PicardCommandLine.instanceMain(PicardCommandLine.java:105)
  	at picard.cmdline.PicardCommandLine.main(PicardCommandLine.java:115)

Work dir:
  /home/marcus/pipelines/methyltna/work/18/6b2c719a9eda38a1e713d51eef4e39

Container:
  /home/marcus/.singularity/cache/community-cr-prod.seqera.io-docker-registry-v2-blobs-sha256-08-0861295baa7c01fc593a9da94e82b44a729dcaf8da92be8e565da109aa549b25-data.img

Tip: you can try to figure out what's wrong by changing to the process work dir and showing the script file named `.command.sh`

 -- Check '.nextflow.log' file for details
ERROR ~ Pipeline failed. Please refer to troubleshooting docs: https://nf-co.re/docs/usage/troubleshooting

 -- Check '.nextflow.log' file for details

